<?xml version="1.0" encoding="UTF-8"?>
<testng-results skipped="0" failed="0" ignored="0" total="2" passed="2">
  <reporter-output>
  </reporter-output>
  <suite name="Default suite" duration-ms="33993" started-at="2020-04-28T06:46:30 IST" finished-at="2020-04-28T06:47:04 IST">
    <groups>
    </groups>
    <test name="Default test" duration-ms="33993" started-at="2020-04-28T06:46:30 IST" finished-at="2020-04-28T06:47:04 IST">
      <class name="com.tests.LoginTest">
        <test-method status="PASS" signature="setup()[pri:0, instance:com.tests.LoginTest@7ce6a65d]" name="setup" is-config="true" duration-ms="16774" started-at="2020-04-28T06:46:30 IST" finished-at="2020-04-28T06:46:47 IST">
          <reporter-output>
          </reporter-output>
        </test-method> <!-- setup -->
        <test-method status="PASS" signature="freeCrmTitleTest()[pri:1, instance:com.tests.LoginTest@7ce6a65d]" name="freeCrmTitleTest" duration-ms="37" started-at="2020-04-28T06:46:47 IST" finished-at="2020-04-28T06:46:47 IST">
          <reporter-output>
          </reporter-output>
        </test-method> <!-- freeCrmTitleTest -->
        <test-method status="PASS" signature="tearDown()[pri:0, instance:com.tests.LoginTest@7ce6a65d]" name="tearDown" is-config="true" duration-ms="714" started-at="2020-04-28T06:46:47 IST" finished-at="2020-04-28T06:46:47 IST">
          <reporter-output>
          </reporter-output>
        </test-method> <!-- tearDown -->
        <test-method status="PASS" signature="setup()[pri:0, instance:com.tests.LoginTest@7ce6a65d]" name="setup" is-config="true" duration-ms="15487" started-at="2020-04-28T06:46:47 IST" finished-at="2020-04-28T06:47:03 IST">
          <reporter-output>
          </reporter-output>
        </test-method> <!-- setup -->
        <test-method status="PASS" signature="freemCRMLogoTest()[pri:2, instance:com.tests.LoginTest@7ce6a65d]" name="freemCRMLogoTest" duration-ms="179" started-at="2020-04-28T06:47:03 IST" finished-at="2020-04-28T06:47:03 IST">
          <reporter-output>
          </reporter-output>
        </test-method> <!-- freemCRMLogoTest -->
        <test-method status="PASS" signature="tearDown()[pri:0, instance:com.tests.LoginTest@7ce6a65d]" name="tearDown" is-config="true" duration-ms="753" started-at="2020-04-28T06:47:03 IST" finished-at="2020-04-28T06:47:04 IST">
          <reporter-output>
          </reporter-output>
        </test-method> <!-- tearDown -->
      </class> <!-- com.tests.LoginTest -->
    </test> <!-- Default test -->
  </suite> <!-- Default suite -->
</testng-results>
